<?xml version="1.0" encoding="UTF-8"?>
<!-- Generated by org.testng.reporters.JUnitXMLReporter -->
<testsuite hostname="DESKTOP-R33ALFL" ignored="0" name="Default test" tests="3" failures="0" timestamp="2020-11-25T16:53:39 IST" time="0.051" errors="0">
  <testcase name="PayCCBill" time="0.008" classname="TestNGConcept.PersonalLoan"/>
  <testcase name="PayLoan" time="0.002" classname="TestNGConcept.PersonalLoan"/>
  <testcase name="PayRent" time="0.001" classname="TestNGConcept.PersonalLoan"/>
</testsuite> <!-- Default test -->
