<?xml version="1.0" encoding="UTF-8"?>
<!-- Generated by org.testng.reporters.JUnitXMLReporter -->
<testsuite hostname="DESKTOP-R33ALFL" ignored="0" name="Account2" tests="6" failures="0" timestamp="2020-11-25T17:55:55 IST" time="0.016" errors="0">
  <testcase name="AfterClass" time="0.0" classname="testNGAnotationsGroups.HomeLoan"/>
  <testcase name="BeforeClass" time="0.0" classname="testNGAnotationsGroups.HomeLoan"/>
  <testcase name="NewPropertyLoan" time="0.016" classname="testNGAnotationsGroups.HomeLoan"/>
  <testcase name="NewShopLoan" time="0.0" classname="testNGAnotationsGroups.HomeLoan"/>
  <testcase name="OldPropertyLoan" time="0.0" classname="testNGAnotationsGroups.HomeLoan"/>
  <testcase name="OldShopLoan" time="0.0" classname="testNGAnotationsGroups.HomeLoan"/>
</testsuite> <!-- Account2 -->
