<?xml version="1.0" encoding="UTF-8"?>
<!-- Generated by org.testng.reporters.JUnitXMLReporter -->
<testsuite hostname="DESKTOP-R33ALFL" ignored="0" name="Account" tests="4" failures="0" timestamp="2020-11-25T17:55:55 IST" time="0.016" errors="0">
  <testcase name="NewCarLoan" time="0.0" classname="testNGAnotationsGroups.CarLoan"/>
  <testcase name="OldCarLoan" time="0.0" classname="testNGAnotationsGroups.CarLoan"/>
  <testcase name="RentedCarLoan" time="0.016" classname="testNGAnotationsGroups.CarLoan"/>
  <testcase name="ReselCarLoan" time="0.0" classname="testNGAnotationsGroups.CarLoan"/>
</testsuite> <!-- Account -->
