<?xml version="1.0" encoding="UTF-8"?>
<!-- Generated by org.testng.reporters.JUnitXMLReporter -->
<testsuite hostname="DESKTOP-R33ALFL" ignored="0" name="API Test" tests="4" failures="0" timestamp="2020-11-25T20:12:53 IST" time="0.008" errors="0">
  <testcase name="PayCCBill" time="0.0" classname="testNGParameterization.TourLoan"/>
  <testcase name="PayLoan" time="0.0" classname="testNGParameterization.TourLoan"/>
  <testcase name="PayRent" time="0.001" classname="testNGParameterization.TourLoan"/>
  <testcase name="prerequvisit" time="0.001" classname="testNGParameterization.TourLoan"/>
</testsuite> <!-- API Test -->
