<?xml version="1.0" encoding="UTF-8"?>
<!-- Generated by org.testng.reporters.JUnitXMLReporter -->
<testsuite hostname="DESKTOP-R33ALFL" ignored="3" name="Loan Account" tests="4" failures="0" timestamp="2020-11-25T17:48:59 IST" time="0.06" errors="0">
  <testcase name="PayCCBill" time="0.006" classname="testNGConceptAnotation.PersonalLoan"/>
  <testcase name="NewCarLoan" time="0.001" classname="testNGConceptAnotation.CarLoan"/>
  <testcase name="RentedCarLoan" time="0.001" classname="testNGConceptAnotation.CarLoan"/>
  <testcase name="ReselCarLoan" time="0.002" classname="testNGConceptAnotation.CarLoan"/>
  <testcase name="OldCarLoan" time="0.0" classname="testNGConceptAnotation.CarLoan">
    <ignored/>
  </testcase> <!-- OldCarLoan -->
  <testcase name="NewShopLoan" time="0.0" classname="testNGConceptAnotation.HomeLoan">
    <ignored/>
  </testcase> <!-- NewShopLoan -->
  <testcase name="PayRent" time="0.0" classname="testNGConceptAnotation.PersonalLoan">
    <ignored/>
  </testcase> <!-- PayRent -->
</testsuite> <!-- Loan Account -->
