<?xml version="1.0" encoding="UTF-8"?>
<!-- Generated by org.testng.reporters.JUnitXMLReporter -->
<testsuite hostname="DESKTOP-R33ALFL" ignored="0" name="Regression Test" tests="16" failures="0" timestamp="2020-11-25T21:55:34 IST" time="0.116" errors="0">
  <testcase name="NewCarLoan" time="0.016" classname="testNGDataProvider.BikeLoan"/>
  <testcase name="OldCarLoan" time="0.0" classname="testNGDataProvider.BikeLoan"/>
  <testcase name="RentedCarLoan" time="0.0" classname="testNGDataProvider.BikeLoan"/>
  <testcase name="RentedCarLoan" time="0.0" classname="testNGDataProvider.BikeLoan"/>
  <testcase name="RentedCarLoan" time="0.0" classname="testNGDataProvider.BikeLoan"/>
  <testcase name="ReselCarLoan" time="0.0" classname="testNGDataProvider.BikeLoan"/>
  <testcase name="AfterClass" time="0.016" classname="testNGDataProvider.FlatLoan"/>
  <testcase name="BeforeClass" time="0.0" classname="testNGDataProvider.FlatLoan"/>
  <testcase name="NewPropertyLoan" time="0.0" classname="testNGDataProvider.FlatLoan"/>
  <testcase name="NewShopLoan" time="0.0" classname="testNGDataProvider.FlatLoan"/>
  <testcase name="OldPropertyLoan" time="0.0" classname="testNGDataProvider.FlatLoan"/>
  <testcase name="OldShopLoan" time="0.0" classname="testNGDataProvider.FlatLoan"/>
  <testcase name="PayCCBill" time="0.0" classname="testNGDataProvider.TourLoan"/>
  <testcase name="PayLoan" time="0.0" classname="testNGDataProvider.TourLoan"/>
  <testcase name="PayRent" time="0.0" classname="testNGDataProvider.TourLoan"/>
  <testcase name="prerequvisit" time="0.0" classname="testNGDataProvider.TourLoan"/>
</testsuite> <!-- Regression Test -->
