<?xml version="1.0" encoding="UTF-8"?>
<!-- Generated by org.testng.reporters.JUnitXMLReporter -->
<testsuite hostname="DESKTOP-R33ALFL" ignored="0" name="HomeLaon" tests="4" failures="0" timestamp="2020-11-25T13:43:47 IST" time="0.055" errors="0">
  <testcase name="NewPropertyLoan" time="0.008" classname="TestNGConcept.HomeLoan"/>
  <testcase name="NewShopLoan" time="0.001" classname="TestNGConcept.HomeLoan"/>
  <testcase name="OldPropertyLoan" time="0.001" classname="TestNGConcept.HomeLoan"/>
  <testcase name="OldShopLoan" time="0.002" classname="TestNGConcept.HomeLoan"/>
</testsuite> <!-- HomeLaon -->
