<?xml version="1.0" encoding="UTF-8"?>
<!-- Generated by org.testng.reporters.JUnitXMLReporter -->
<testsuite hostname="DESKTOP-R33ALFL" ignored="0" name="Laon" tests="4" failures="0" timestamp="2020-11-25T13:41:46 IST" time="0.056" errors="0">
  <testcase name="NewPropertyLoan" time="0.008" classname="TestNGConcept.HomeLoan"/>
  <testcase name="NewShopLoan" time="0.001" classname="TestNGConcept.HomeLoan"/>
  <testcase name="OldPropertyLoan" time="0.001" classname="TestNGConcept.HomeLoan"/>
  <testcase name="OldShopLoan" time="0.001" classname="TestNGConcept.HomeLoan"/>
</testsuite> <!-- Laon -->
