<?xml version="1.0" encoding="UTF-8"?>
<!-- Generated by org.testng.reporters.JUnitXMLReporter -->
<testsuite hostname="DESKTOP-R33ALFL" ignored="0" name="Personal Loan" tests="11" failures="0" timestamp="2020-11-25T13:58:18 IST" time="0.099" errors="0">
  <testcase name="PayCCBill" time="0.011" classname="TestNGConcept.PersonalLoan"/>
  <testcase name="PayLoan" time="0.001" classname="TestNGConcept.PersonalLoan"/>
  <testcase name="PayRent" time="0.002" classname="TestNGConcept.PersonalLoan"/>
  <testcase name="NewCarLoan" time="0.002" classname="TestNGConcept.CarLoan"/>
  <testcase name="OldCarLoan" time="0.002" classname="TestNGConcept.CarLoan"/>
  <testcase name="RentedCarLoann" time="0.002" classname="TestNGConcept.CarLoan"/>
  <testcase name="ReselCarLoan" time="0.002" classname="TestNGConcept.CarLoan"/>
  <testcase name="NewPropertyLoan" time="0.002" classname="TestNGConcept.HomeLoan"/>
  <testcase name="NewShopLoan" time="0.003" classname="TestNGConcept.HomeLoan"/>
  <testcase name="OldPropertyLoan" time="0.002" classname="TestNGConcept.HomeLoan"/>
  <testcase name="OldShopLoan" time="0.001" classname="TestNGConcept.HomeLoan"/>
</testsuite> <!-- Personal Loan -->
